<?xml version="1.0" encoding="UTF-8"?><testsuite errors="0" failures="0" name="com.gorest.testsuite.UserCRUDWithSteps" skipped="0" tests="4" time="10.44" timestamp="2023-01-02T16:45:15.001Z[Europe/London]"><testcase classname="com.gorest.testsuite.UserCRUDWithSteps" name="This will create a new user"/><testcase classname="com.gorest.testsuite.UserCRUDWithSteps" name="Verify if the user is added to application"/><testcase classname="com.gorest.testsuite.UserCRUDWithSteps" name="This will update user"/><testcase classname="com.gorest.testsuite.UserCRUDWithSteps" name="Delete the user and verify if the user is deleted!"/></testsuite>